<?xml version="1.0" encoding="UTF-8"?>
<robot generator="Robot 6.1.1 (Python 3.11.5 on win32)" generated="20230905 20:54:01.987" rpa="false" schemaversion="4">
<suite id="s1" name="SnagTest" source="C:\Users\Daniel\Documents\GitHub\RoboUICheck\RobotSnagTest\SnagTest.robot">
<test id="s1-t1" name="Test DynamicTest" line="9">
<kw name="Start" library="SnagTest">
<arg>1337</arg>
<doc>Starts the Snag Test Service</doc>
<msg timestamp="20230905 20:54:02.054" level="INFO">Starting process:
java -jar C:\Users\Daniel\Documents\GitHub\RoboUICheck\PySnagTest\src\\..\..\JSnagTest\target\SnagTest.jar --port 1337</msg>
<status status="PASS" starttime="20230905 20:54:02.053" endtime="20230905 20:54:04.064"/>
</kw>
<kw name="Add Image Path" library="SnagTest">
<arg>C:\\Users\\Daniel\\Documents\\GitHub\\RoboUICheck\\RobotSnagTest/images</arg>
<doc>Add Image Path</doc>
<status status="PASS" starttime="20230905 20:54:04.064" endtime="20230905 20:54:04.213"/>
</kw>
<kw name="Get Image Paths" library="SnagTest">
<var>${res}</var>
<doc>Get Image Paths</doc>
<msg timestamp="20230905 20:54:04.220" level="INFO">${res} = None</msg>
<status status="PASS" starttime="20230905 20:54:04.213" endtime="20230905 20:54:04.221"/>
</kw>
<kw name="Log" library="BuiltIn">
<arg>${res}</arg>
<doc>Logs the given message with the given level.</doc>
<msg timestamp="20230905 20:54:04.222" level="INFO">None</msg>
<status status="PASS" starttime="20230905 20:54:04.221" endtime="20230905 20:54:04.222"/>
</kw>
<kw name="Find Image" library="SnagTest">
<arg>hammer.png</arg>
<doc>Find Image</doc>
<status status="PASS" starttime="20230905 20:54:04.222" endtime="20230905 20:54:05.362"/>
</kw>
<kw name="Find Image" library="SnagTest">
<arg>debug.png</arg>
<doc>Find Image</doc>
<status status="PASS" starttime="20230905 20:54:05.363" endtime="20230905 20:54:06.348"/>
</kw>
<kw name="Shutdown" library="SnagTest">
<doc>Shutdown
Shuts down JSnagTest</doc>
<status status="PASS" starttime="20230905 20:54:06.348" endtime="20230905 20:54:06.354"/>
</kw>
<status status="PASS" starttime="20230905 20:54:02.052" endtime="20230905 20:54:06.354"/>
</test>
<status status="PASS" starttime="20230905 20:54:01.991" endtime="20230905 20:54:06.355"/>
</suite>
<statistics>
<total>
<stat pass="1" fail="0" skip="0">All Tests</stat>
</total>
<tag>
</tag>
<suite>
<stat pass="1" fail="0" skip="0" id="s1" name="SnagTest">SnagTest</stat>
</suite>
</statistics>
<errors>
</errors>
</robot>
