<?xml version="1.0" encoding="UTF-8"?>
<robot generator="Robot 5.0.1 (Python 3.10.12 on win32)" generated="20231106 22:29:47.136" rpa="false" schemaversion="3">
<suite id="s1" name="SnagTest" source="g:\Projects\RoboUICheck\RobotSnagTest\SnagTest.robot">
<test id="s1-t1" name="Test dynamic Test" line="10">
<kw name="Connect" library="SnagTest">
<arg>1338</arg>
<status status="PASS" starttime="20231106 22:29:47.179" endtime="20231106 22:29:47.180"/>
</kw>
<kw name="Get Text" library="SnagTest">
<msg timestamp="20231106 22:29:49.214" level="FAIL">Connection to remote server broken: [WinError 10061] No connection could be made because the target machine actively refused it</msg>
<status status="FAIL" starttime="20231106 22:29:47.180" endtime="20231106 22:29:49.216"/>
</kw>
<kw name="Set Display" library="SnagTest">
<arg>1</arg>
<doc>        Set Display</doc>
<status status="NOT RUN" starttime="20231106 22:29:49.217" endtime="20231106 22:29:49.217"/>
</kw>
<kw name="Add Image Path" library="SnagTest">
<arg>g:\\Projects\\RoboUICheck\\RobotSnagTest/images</arg>
<doc>        Add Image Path</doc>
<status status="NOT RUN" starttime="20231106 22:29:49.218" endtime="20231106 22:29:49.218"/>
</kw>
<kw name="Get Image Paths" library="SnagTest">
<var>${res}</var>
<doc>        Get Image Paths</doc>
<status status="NOT RUN" starttime="20231106 22:29:49.219" endtime="20231106 22:29:49.219"/>
</kw>
<kw name="Log" library="BuiltIn">
<arg>${res}</arg>
<doc>Logs the given message with the given level.</doc>
<status status="NOT RUN" starttime="20231106 22:29:49.220" endtime="20231106 22:29:49.220"/>
</kw>
<kw name="Set Primary Display Reference" library="SnagTest">
<arg>PRIMARY</arg>
<doc>Sets the primary display to the given reference name</doc>
<status status="NOT RUN" starttime="20231106 22:29:49.220" endtime="20231106 22:29:49.220"/>
</kw>
<kw name="Set Display Reference" library="SnagTest">
<arg>SECONDARY</arg>
<arg>ABOVE</arg>
<arg>PRIMARY</arg>
<doc>        Sets the reference display to the given reference name
Options:
 LEFT
 RIGHT
 ABOVE
 BELOW
 SMALLER_THAN
 LARGER_THAN</doc>
<status status="NOT RUN" starttime="20231106 22:29:49.221" endtime="20231106 22:29:49.221"/>
</kw>
<kw name="Move Mouse To Display" library="SnagTest">
<arg>SECONDARY</arg>
<arg>100</arg>
<arg>100</arg>
<doc>        Move Mouse To Display</doc>
<status status="NOT RUN" starttime="20231106 22:29:49.222" endtime="20231106 22:29:49.222"/>
</kw>
<kw name="Move Mouse To" library="SnagTest">
<arg>500</arg>
<arg>200</arg>
<doc>Move Mouse To</doc>
<status status="NOT RUN" starttime="20231106 22:29:49.222" endtime="20231106 22:29:49.223"/>
</kw>
<kw name="Move Mouse To Display" library="SnagTest">
<arg>PRIMARY</arg>
<arg>100</arg>
<arg>100</arg>
<doc>        Move Mouse To Display</doc>
<status status="NOT RUN" starttime="20231106 22:29:49.223" endtime="20231106 22:29:49.223"/>
</kw>
<kw name="Move Mouse" library="SnagTest">
<arg>500</arg>
<arg>300</arg>
<doc>        Move Mouse</doc>
<status status="NOT RUN" starttime="20231106 22:29:49.224" endtime="20231106 22:29:49.224"/>
</kw>
<kw name="Move Mouse" library="SnagTest">
<arg>-10</arg>
<arg>-50</arg>
<doc>        Move Mouse</doc>
<status status="NOT RUN" starttime="20231106 22:29:49.225" endtime="20231106 22:29:49.225"/>
</kw>
<kw name="Move Mouse To Display" library="SnagTest">
<arg>SECONDARY</arg>
<arg>500</arg>
<arg>500</arg>
<doc>        Move Mouse To Display</doc>
<status status="NOT RUN" starttime="20231106 22:29:49.225" endtime="20231106 22:29:49.225"/>
</kw>
<kw name="Set Display" library="SnagTest">
<arg>SECONDARY</arg>
<doc>        Set Display</doc>
<status status="NOT RUN" starttime="20231106 22:29:49.226" endtime="20231106 22:29:49.226"/>
</kw>
<kw name="Find Image" library="SnagTest">
<arg>aCheckBox.png</arg>
<doc>        Find Image</doc>
<status status="NOT RUN" starttime="20231106 22:29:49.227" endtime="20231106 22:29:49.227"/>
</kw>
<kw name="Find Image" library="SnagTest">
<arg>buttonA.png</arg>
<doc>        Find Image</doc>
<status status="NOT RUN" starttime="20231106 22:29:49.228" endtime="20231106 22:29:49.228"/>
</kw>
<kw name="Move Mouse To Image" library="SnagTest">
<arg>textfield.png</arg>
<doc>        Move Mouse To Image
Moves the mouse to the center of the matched image on the screen.</doc>
<status status="NOT RUN" starttime="20231106 22:29:49.229" endtime="20231106 22:29:49.229"/>
</kw>
<kw name="Move Mouse To Image" library="SnagTest">
<arg>buttonA.png</arg>
<doc>        Move Mouse To Image
Moves the mouse to the center of the matched image on the screen.</doc>
<status status="NOT RUN" starttime="20231106 22:29:49.230" endtime="20231106 22:29:49.230"/>
</kw>
<kw name="Click" library="SnagTest">
<arg>LEFT</arg>
<doc>        Simulates a Mouse click
Available options are:
 - LEFT
 - MIDDLE
 - RIGHT</doc>
<status status="NOT RUN" starttime="20231106 22:29:49.230" endtime="20231106 22:29:49.231"/>
</kw>
<kw name="Move Mouse To Image" library="SnagTest">
<arg>textfield.png</arg>
<doc>        Move Mouse To Image
Moves the mouse to the center of the matched image on the screen.</doc>
<status status="NOT RUN" starttime="20231106 22:29:49.231" endtime="20231106 22:29:49.231"/>
</kw>
<kw name="Click" library="SnagTest">
<arg>LEFT</arg>
<doc>        Simulates a Mouse click
Available options are:
 - LEFT
 - MIDDLE
 - RIGHT</doc>
<status status="NOT RUN" starttime="20231106 22:29:49.232" endtime="20231106 22:29:49.232"/>
</kw>
<kw name="Type" library="SnagTest">
<arg>Hello</arg>
<doc>Types the given message</doc>
<status status="NOT RUN" starttime="20231106 22:29:49.233" endtime="20231106 22:29:49.233"/>
</kw>
<kw name="Press Keys" library="SnagTest">
<arg>CONTROL</arg>
<arg>A</arg>
<doc>        presses a set of keys, then releases them immediately afterwords.</doc>
<status status="NOT RUN" starttime="20231106 22:29:49.233" endtime="20231106 22:29:49.234"/>
</kw>
<kw name="Find Image" library="SnagTest">
<arg>failImage.png</arg>
<doc>        Find Image</doc>
<status status="NOT RUN" starttime="20231106 22:29:49.234" endtime="20231106 22:29:49.234"/>
</kw>
<status status="FAIL" starttime="20231106 22:29:47.179" endtime="20231106 22:29:49.235">Connection to remote server broken: [WinError 10061] No connection could be made because the target machine actively refused it</status>
</test>
<status status="FAIL" starttime="20231106 22:29:47.140" endtime="20231106 22:29:49.237"/>
</suite>
<statistics>
<total>
<stat pass="0" fail="1" skip="0">All Tests</stat>
</total>
<tag>
</tag>
<suite>
<stat pass="0" fail="1" skip="0" id="s1" name="SnagTest">SnagTest</stat>
</suite>
</statistics>
<errors>
</errors>
</robot>
